#
# A fatal error has been detected by the Java Runtime Environment:
#
#  SIGSEGV (0xb) at pc=0x00007f64869c0381, pid=6401, tid=6408
#
# JRE version: OpenJDK Runtime Environment (14.0.1+7) (build 14.0.1+7-Ubuntu-1ubuntu118.04.1)
# Java VM: OpenJDK 64-Bit Server VM (14.0.1+7-Ubuntu-1ubuntu118.04.1, mixed mode, sharing, tiered, compressed oops, g1 gc, linux-amd64)
# Problematic frame:
# C  [libjimage.so+0x2381]
#
# Core dump will be written. Default location: Core dumps may be processed with "/usr/share/apport/apport %p %s %c %d %P %E" (or dumping to /home/cheikh/Bureau/AlgoJava/core.6401)
#
# If you would like to submit a bug report, please visit:
#   Unknown
#

---------------  S U M M A R Y ------------

Command Line: -agentlib:jdwp=transport=dt_socket,suspend=y,address=localhost:40853 -javaagent:/home/cheikh/eclipse/java-2020-03/eclipse/configuration/org.eclipse.osgi/217/0/.cp/lib/javaagent-shaded.jar -Dfile.encoding=UTF-8 --module-path=/home/cheikh/Bureau/AlgoJava/bin -Djdk.module.main=AlgoJava AlgoJava/cheikh.algo.Exo25

Host: Intel(R) Core(TM) i5-2520M CPU @ 2.50GHz, 4 cores, 5G, Ubuntu 18.04.4 LTS
Time: Fri May 22 03:57:41 2020 GMT elapsed time: 4577 seconds (0d 1h 16m 17s)

---------------  T H R E A D  ---------------

Current thread (0x00007f648001a000):  JavaThread "main" [_thread_in_vm, id=6408, stack(0x00007f64896fb000,0x00007f64897fc000)]

Stack: [0x00007f64896fb000,0x00007f64897fc000],  sp=0x00007f64897f9160,  free space=1016k
Native frames: (J=compiled Java code, A=aot compiled Java code, j=interpreted, Vv=VM code, C=native code)
C  [libjimage.so+0x2381]
C  [libjimage.so+0x2eca]
C  [libjimage.so+0x3395]  JIMAGE_FindResource+0xd5
V  [libjvm.so+0x5203d3]